<?xml version="1.0" encoding="utf-8"?><testsuites name="pytest tests"><testsuite name="pytest" errors="0" failures="0" skipped="0" tests="24" time="4.168" timestamp="2026-06-08T07:47:11.249805+00:00" hostname="agent-env-f35b6780-4372-4c21-bcc5-521a43df95f9"><testcase classname="backend.tests.test_safe2drive.TestHealth" name="test_root" time="0.003" /><testcase classname="backend.tests.test_safe2drive.TestAuth" name="test_register_disabled" time="0.003" /><testcase classname="backend.tests.test_safe2drive.TestAuth" name="test_login_admin" time="0.225" /><testcase classname="backend.tests.test_safe2drive.TestAuth" name="test_login_student" time="0.227" /><testcase classname="backend.tests.test_safe2drive.TestAuth" name="test_login_invalid" time="0.228" /><testcase classname="backend.tests.test_safe2drive.TestAuth" name="test_me" time="0.232" /><testcase classname="backend.tests.test_safe2drive.TestAdminEnrollFlow" name="test_enroll_requires_admin" time="0.002" /><testcase classname="backend.tests.test_safe2drive.TestAdminEnrollFlow" name="test_enroll_success" time="0.453" /><testcase classname="backend.tests.test_safe2drive.TestAdminEnrollFlow" name="test_enroll_duplicate" time="0.005" /><testcase classname="backend.tests.test_safe2drive.TestAdminEnrollFlow" name="test_enrolled_must_change_password_flag" time="0.231" /><testcase classname="backend.tests.test_safe2drive.TestAdminEnrollFlow" name="test_change_password_wrong_current" time="0.453" /><testcase classname="backend.tests.test_safe2drive.TestAdminEnrollFlow" name="test_change_password_success" time="0.916" /><testcase classname="backend.tests.test_safe2drive.TestAdminEnrollFlow" name="test_reset_password" time="0.460" /><testcase classname="backend.tests.test_safe2drive.TestAdminEnrollFlow" name="test_delete_student" time="0.005" /><testcase classname="backend.tests.test_safe2drive.TestAdminEnrollFlow" name="test_admin_stats" time="0.003" /><testcase classname="backend.tests.test_safe2drive.TestModules" name="test_list_modules" time="0.003" /><testcase classname="backend.tests.test_safe2drive.TestModules" name="test_module_detail" time="0.003" /><testcase classname="backend.tests.test_safe2drive.TestProgress" name="test_slide_invalid" time="0.470" /><testcase classname="backend.tests.test_safe2drive.TestProgress" name="test_slide_progress_all_six" time="0.023" /><testcase classname="backend.tests.test_safe2drive.TestProgress" name="test_quiz_pass" time="0.003" /><testcase classname="backend.tests.test_safe2drive.TestProgress" name="test_quiz_fail" time="0.003" /><testcase classname="backend.tests.test_safe2drive.TestProgress" name="test_quiz_wrong_length" time="0.003" /><testcase classname="backend.tests.test_safe2drive.TestProgress" name="test_homework" time="0.009" /><testcase classname="backend.tests.test_safe2drive.TestDashboard" name="test_dashboard_structure" time="0.008" /></testsuite></testsuites>