<?xml version="1.0" encoding="utf-8"?><testsuites name="pytest tests"><testsuite name="pytest" errors="0" failures="0" skipped="0" tests="39" time="6.432" timestamp="2026-06-08T08:04:31.468338+00:00" hostname="agent-env-f35b6780-4372-4c21-bcc5-521a43df95f9"><testcase classname="backend.tests.test_snapshots.TestLoginSnapshots" name="test_student_login_creates_snapshot" time="0.691" /><testcase classname="backend.tests.test_snapshots.TestLoginSnapshots" name="test_login_debounce_no_duplicate" time="0.248" /><testcase classname="backend.tests.test_snapshots.TestLoginSnapshots" name="test_admin_login_does_not_create_snapshot" time="0.225" /><testcase classname="backend.tests.test_snapshots.TestProgressSnapshots" name="test_quiz_creates_snapshot" time="0.010" /><testcase classname="backend.tests.test_snapshots.TestProgressSnapshots" name="test_module_complete_snapshot_once" time="0.026" /><testcase classname="backend.tests.test_snapshots.TestProgressSnapshots" name="test_homework_creates_snapshot" time="0.006" /><testcase classname="backend.tests.test_snapshots.TestAdminSnapshotEndpoints" name="test_list_requires_admin" time="0.002" /><testcase classname="backend.tests.test_snapshots.TestAdminSnapshotEndpoints" name="test_list_requires_auth" time="0.001" /><testcase classname="backend.tests.test_snapshots.TestAdminSnapshotEndpoints" name="test_list_returns_summary_no_progress_array" time="0.002" /><testcase classname="backend.tests.test_snapshots.TestAdminSnapshotEndpoints" name="test_create_manual_snapshot" time="0.005" /><testcase classname="backend.tests.test_snapshots.TestRestoreFlow" name="test_restore_creates_pre_restore_and_overwrites" time="0.497" /><testcase classname="backend.tests.test_snapshots.TestRetention" name="test_retention_10_keeps_pre_restore" time="0.326" /><testcase classname="backend.tests.test_snapshots.TestDeleteSnapshotAndCascade" name="test_delete_snapshot" time="0.007" /><testcase classname="backend.tests.test_snapshots.TestDeleteSnapshotAndCascade" name="test_delete_student_removes_snapshots" time="0.252" /><testcase classname="backend.tests.test_snapshots.TestAdminStatsSnapshots" name="test_total_snapshots_in_stats" time="0.006" /><testcase classname="backend.tests.test_safe2drive.TestHealth" name="test_root" time="0.001" /><testcase classname="backend.tests.test_safe2drive.TestAuth" name="test_register_disabled" time="0.001" /><testcase classname="backend.tests.test_safe2drive.TestAuth" name="test_login_admin" time="0.232" /><testcase classname="backend.tests.test_safe2drive.TestAuth" name="test_login_student" time="0.230" /><testcase classname="backend.tests.test_safe2drive.TestAuth" name="test_login_invalid" time="0.227" /><testcase classname="backend.tests.test_safe2drive.TestAuth" name="test_me" time="0.229" /><testcase classname="backend.tests.test_safe2drive.TestAdminEnrollFlow" name="test_enroll_requires_admin" time="0.002" /><testcase classname="backend.tests.test_safe2drive.TestAdminEnrollFlow" name="test_enroll_success" time="0.458" /><testcase classname="backend.tests.test_safe2drive.TestAdminEnrollFlow" name="test_enroll_duplicate" time="0.003" /><testcase classname="backend.tests.test_safe2drive.TestAdminEnrollFlow" name="test_enrolled_must_change_password_flag" time="0.229" /><testcase classname="backend.tests.test_safe2drive.TestAdminEnrollFlow" name="test_change_password_wrong_current" time="0.460" /><testcase classname="backend.tests.test_safe2drive.TestAdminEnrollFlow" name="test_change_password_success" time="0.908" /><testcase classname="backend.tests.test_safe2drive.TestAdminEnrollFlow" name="test_reset_password" time="0.458" /><testcase classname="backend.tests.test_safe2drive.TestAdminEnrollFlow" name="test_delete_student" time="0.004" /><testcase classname="backend.tests.test_safe2drive.TestAdminEnrollFlow" name="test_admin_stats" time="0.003" /><testcase classname="backend.tests.test_safe2drive.TestModules" name="test_list_modules" time="0.002" /><testcase classname="backend.tests.test_safe2drive.TestModules" name="test_module_detail" time="0.003" /><testcase classname="backend.tests.test_safe2drive.TestProgress" name="test_slide_invalid" time="0.461" /><testcase classname="backend.tests.test_safe2drive.TestProgress" name="test_slide_progress_all_six" time="0.016" /><testcase classname="backend.tests.test_safe2drive.TestProgress" name="test_quiz_pass" time="0.003" /><testcase classname="backend.tests.test_safe2drive.TestProgress" name="test_quiz_fail" time="0.003" /><testcase classname="backend.tests.test_safe2drive.TestProgress" name="test_quiz_wrong_length" time="0.002" /><testcase classname="backend.tests.test_safe2drive.TestProgress" name="test_homework" time="0.008" /><testcase classname="backend.tests.test_safe2drive.TestDashboard" name="test_dashboard_structure" time="0.002" /></testsuite></testsuites>